<?xml version="1.0" encoding="UTF-8"?>
<!-- Generated by org.testng.reporters.JUnitReportReporter -->
<testsuite hostname="Swapnas-MBP" failures="0" tests="1" name="GetBDD" time="3.119" errors="0" timestamp="2024-11-02T22:43:32 GMT-04:00" skipped="0">
  <testcase classname="GetBDD" name="test_numberOFCircuitsFor2017_season" time="3.119"/>
</testsuite> <!-- GetBDD -->
